Start testing: Jul 31 22:34 CEST
----------------------------------------------------------
1/12 Testing: core_safety
1/12 Test: core_safety
Command: "/Users/nazarii/coolreader/build_wgate/core_safety_test"
Directory: /Users/nazarii/coolreader/build_wgate
"core_safety" start time: Jul 31 22:34 CEST
Output:
----------------------------------------------------------
CRE: styles re-init needed after load, re-rendering
<end of output>
Test time =   0.13 sec
----------------------------------------------------------
Test Passed.
"core_safety" end time: Jul 31 22:34 CEST
"core_safety" time elapsed: 00:00:00
----------------------------------------------------------

2/12 Testing: thread_safety
2/12 Test: thread_safety
Command: "/Users/nazarii/coolreader/build_wgate/thread_safety_test"
Directory: /Users/nazarii/coolreader/build_wgate
"thread_safety" start time: Jul 31 22:34 CEST
Output:
----------------------------------------------------------
<end of output>
Test time =   0.04 sec
----------------------------------------------------------
Test Passed.
"thread_safety" end time: Jul 31 22:34 CEST
"thread_safety" time elapsed: 00:00:00
----------------------------------------------------------

3/12 Testing: document_regression
3/12 Test: document_regression
Command: "/Users/nazarii/coolreader/build_wgate/document_regression_test"
Directory: /Users/nazarii/coolreader/build_wgate
"document_regression" start time: Jul 31 22:34 CEST
Output:
----------------------------------------------------------
CRE: styles re-init needed after load, re-rendering
CRE WARNING: table rows/thead/tfoot re-ordered
CRE: styles re-init needed after load, re-rendering
CRE WARNING: table rows/thead/tfoot re-ordered
<end of output>
Test time =   0.06 sec
----------------------------------------------------------
Test Passed.
"document_regression" end time: Jul 31 22:34 CEST
"document_regression" time elapsed: 00:00:00
----------------------------------------------------------

4/12 Testing: unicode_regression
4/12 Test: unicode_regression
Command: "/Users/nazarii/coolreader/build_wgate/unicode_regression_test"
Directory: /Users/nazarii/coolreader/build_wgate
"unicode_regression" start time: Jul 31 22:34 CEST
Output:
----------------------------------------------------------
<end of output>
Test time =   0.01 sec
----------------------------------------------------------
Test Passed.
"unicode_regression" end time: Jul 31 22:34 CEST
"unicode_regression" time elapsed: 00:00:00
----------------------------------------------------------

5/12 Testing: typography_regression
5/12 Test: typography_regression
Command: "/Users/nazarii/coolreader/build_wgate/typography_regression_test"
Directory: /Users/nazarii/coolreader/build_wgate
"typography_regression" start time: Jul 31 22:34 CEST
Output:
----------------------------------------------------------
<end of output>
Test time =   0.04 sec
----------------------------------------------------------
Test Passed.
"typography_regression" end time: Jul 31 22:34 CEST
"typography_regression" time elapsed: 00:00:00
----------------------------------------------------------

6/12 Testing: css_regression
6/12 Test: css_regression
Command: "/Users/nazarii/coolreader/build_wgate/css_regression_test"
Directory: /Users/nazarii/coolreader/build_wgate
"css_regression" start time: Jul 31 22:34 CEST
Output:
----------------------------------------------------------
CRE: styles re-init needed after load, re-rendering
<end of output>
Test time =   0.03 sec
----------------------------------------------------------
Test Passed.
"css_regression" end time: Jul 31 22:34 CEST
"css_regression" time elapsed: 00:00:00
----------------------------------------------------------

7/12 Testing: hyphenation_regression
7/12 Test: hyphenation_regression
Command: "/Users/nazarii/coolreader/build_wgate/hyphenation_regression_test"
Directory: /Users/nazarii/coolreader/build_wgate
"hyphenation_regression" start time: Jul 31 22:34 CEST
Output:
----------------------------------------------------------
<end of output>
Test time =   0.09 sec
----------------------------------------------------------
Test Passed.
"hyphenation_regression" end time: Jul 31 22:34 CEST
"hyphenation_regression" time elapsed: 00:00:00
----------------------------------------------------------

8/12 Testing: hyphenation_resource_sync
8/12 Test: hyphenation_resource_sync
Command: "/opt/homebrew/bin/cmake" "-DSOURCE_ROOT=/Users/nazarii/coolreader" "-P" "/Users/nazarii/coolreader/crengine/tests/hyphenation_resource_sync.cmake"
Directory: /Users/nazarii/coolreader/build_wgate
"hyphenation_resource_sync" start time: Jul 31 22:34 CEST
Output:
----------------------------------------------------------
<end of output>
Test time =   0.06 sec
----------------------------------------------------------
Test Passed.
"hyphenation_resource_sync" end time: Jul 31 22:34 CEST
"hyphenation_resource_sync" time elapsed: 00:00:00
----------------------------------------------------------

9/12 Testing: epub3_regression
9/12 Test: epub3_regression
Command: "/Users/nazarii/coolreader/build_wgate/epub3_regression_test"
Directory: /Users/nazarii/coolreader/build_wgate
"epub3_regression" start time: Jul 31 22:34 CEST
Output:
----------------------------------------------------------
CRE: styles re-init needed after load, re-rendering
CRE: styles re-init needed after load, re-rendering
CRE: styles re-init needed after load, re-rendering
CRE: styles re-init needed after load, re-rendering
<end of output>
Test time =   0.03 sec
----------------------------------------------------------
Test Passed.
"epub3_regression" end time: Jul 31 22:34 CEST
"epub3_regression" time elapsed: 00:00:00
----------------------------------------------------------

10/12 Testing: tinydict_regression
10/12 Test: tinydict_regression
Command: "/Users/nazarii/coolreader/build_wgate/tinydict_regression_test"
Directory: /Users/nazarii/coolreader/build_wgate
"tinydict_regression" start time: Jul 31 22:34 CEST
Output:
----------------------------------------------------------
1 words read from index
data file /tmp/coolreader-tinydict-uTmnHt is compressed
unpacking 14 bytes
inflate result: 0
reading compressed article
unpacking 22 bytes
inflate result: 0
unpacking 22 bytes
inflate result: 0
unpacking 14 bytes
inflate result: 0
reading compressed article
unpacking 22 bytes
inflate result: 0
unpacking 22 bytes
inflate result: 0
unpacking 14 bytes
inflate result: 0
1 words read from index
data file /tmp/coolreader-tinydict-d5MKfr is compressed
data file /tmp/coolreader-tinydict-d5MKfr opening error
reading compressed article
unpacking 22 bytes
inflate result: 0
unpacking 22 bytes
inflate result: 0
unpacking 14 bytes
inflate result: 0
1 words read from index
data file /tmp/coolreader-tinydict-d5MKfr is compressed
data file /tmp/coolreader-tinydict-d5MKfr opening error
1 words read from index
data file /tmp/coolreader-tinydict-uTmnHt is compressed
unpacking 14 bytes
inflate result: 0
reading compressed article
unpacking 22 bytes
inflate result: 0
unpacking 22 bytes
inflate result: 0
unpacking 14 bytes
inflate result: 0
<end of output>
Test time =   0.00 sec
----------------------------------------------------------
Test Passed.
"tinydict_regression" end time: Jul 31 22:34 CEST
"tinydict_regression" time elapsed: 00:00:00
----------------------------------------------------------

11/12 Testing: native_state_policy
11/12 Test: native_state_policy
Command: "/opt/homebrew/bin/cmake" "-DSOURCE_ROOT=/Users/nazarii/coolreader" "-P" "/Users/nazarii/coolreader/crengine/tests/native_state_policy.cmake"
Directory: /Users/nazarii/coolreader/build_wgate
"native_state_policy" start time: Jul 31 22:34 CEST
Output:
----------------------------------------------------------
<end of output>
Test time =   0.25 sec
----------------------------------------------------------
Test Passed.
"native_state_policy" end time: Jul 31 22:34 CEST
"native_state_policy" time elapsed: 00:00:00
----------------------------------------------------------

12/12 Testing: fb2props_metadata_smoke
12/12 Test: fb2props_metadata_smoke
Command: "/Users/nazarii/coolreader/build_wgate/fb2props/fb2propstest" "/Users/nazarii/coolreader/android/res/raw/help_template_en.fb2"
Directory: /Users/nazarii/coolreader/build_wgate/fb2props
"fb2props_metadata_smoke" start time: Jul 31 22:34 CEST
Output:
----------------------------------------------------------
Results ---------------------------------------------------- 
File name: /Users/nazarii/coolreader/android/res/raw/help_template_en.fb2
File time: 2026/07/23 13:42
File size: 32421
Book name: Cool Reader Manual
Book author: 
Book series: 
<end of output>
Test time =   0.02 sec
----------------------------------------------------------
Test Passed.
"fb2props_metadata_smoke" end time: Jul 31 22:34 CEST
"fb2props_metadata_smoke" time elapsed: 00:00:00
----------------------------------------------------------

End testing: Jul 31 22:34 CEST
